# JRE version: OpenJDK Runtime Environment (8.0_212-b04) (build 1.8.0_212-release-1586-b04)
# Java VM: OpenJDK 64-Bit Server VM (25.212-b04 mixed mode windows-amd64 compressed oops)
Heap:
 PSYoungGen      total 379904K, used 104764K [0x00000000e0000000, 0x0000000100000000, 0x0000000100000000)
  eden space 235520K, 18% used [0x00000000e0000000,0x00000000e2ad86a8,0x00000000ee600000)
  from space 144384K, 42% used [0x00000000ee600000,0x00000000f2176c00,0x00000000f7300000)
  to   space 139264K, 0% used [0x00000000f7800000,0x00000000f7800000,0x0000000100000000)
 ParOldGen       total 420352K, used 197040K [0x00000000a0000000, 0x00000000b9a80000, 0x00000000e0000000)
  object space 420352K, 46% used [0x00000000a0000000,0x00000000ac06c2d8,0x00000000b9a80000)
 Metaspace       used 85901K, capacity 89660K, committed 89816K, reserved 1126400K
  class space    used 11246K, capacity 12012K, committed 12032K, reserved 1048576K
GC Heap History (10 events):
Event: 128.468 GC heap before
{Heap before GC invocations=36 (full 5):
 PSYoungGen      total 471552K, used 471549K [0x00000000e0000000, 0x0000000100000000, 0x0000000100000000)
  eden space 420352K, 100% used [0x00000000e0000000,0x00000000f9a80000,0x00000000f9a80000)
  from space 51200K, 99% used [0x00000000f9a80000,0x00000000fcc7f588,0x00000000fcc80000)
  to   space 52736K, 0% used [0x00000000fcc80000,0x00000000fcc80000,0x0000000100000000)
 ParOldGen       total 334848K, used 211501K [0x00000000a0000000, 0x00000000b4700000, 0x00000000e0000000)
  object space 334848K, 63% used [0x00000000a0000000,0x00000000ace8b620,0x00000000b4700000)
 Metaspace       used 85743K, capacity 89532K, committed 89560K, reserved 1126400K
  class space    used 11245K, capacity 12012K, committed 12032K, reserved 1048576K
Event: 128.569 GC heap after
Heap after GC invocations=36 (full 5):
 PSYoungGen      total 389632K, used 52722K [0x00000000e0000000, 0x0000000100000000, 0x0000000100000000)
  eden space 336896K, 0% used [0x00000000e0000000,0x00000000e0000000,0x00000000f4900000)
  from space 52736K, 99% used [0x00000000fcc80000,0x00000000ffffc968,0x0000000100000000)
  to   space 93696K, 0% used [0x00000000f4900000,0x00000000f4900000,0x00000000fa480000)
 ParOldGen       total 334848K, used 250262K [0x00000000a0000000, 0x00000000b4700000, 0x00000000e0000000)
  object space 334848K, 74% used [0x00000000a0000000,0x00000000af465868,0x00000000b4700000)
 Metaspace       used 85743K, capacity 89532K, committed 89560K, reserved 1126400K
  class space    used 11245K, capacity 12012K, committed 12032K, reserved 1048576K
}
Event: 132.036 GC heap before
{Heap before GC invocations=37 (full 5):
 PSYoungGen      total 389632K, used 389618K [0x00000000e0000000, 0x0000000100000000, 0x0000000100000000)
  eden space 336896K, 100% used [0x00000000e0000000,0x00000000f4900000,0x00000000f4900000)
  from space 52736K, 99% used [0x00000000fcc80000,0x00000000ffffc968,0x0000000100000000)
  to   space 93696K, 0% used [0x00000000f4900000,0x00000000f4900000,0x00000000fa480000)
 ParOldGen       total 334848K, used 250262K [0x00000000a0000000, 0x00000000b4700000, 0x00000000e0000000)
  object space 334848K, 74% used [0x00000000a0000000,0x00000000af465868,0x00000000b4700000)
 Metaspace       used 85828K, capacity 89596K, committed 89816K, reserved 1126400K
  class space    used 11246K, capacity 12012K, committed 12032K, reserved 1048576K
Event: 132.116 GC heap after
Heap after GC invocations=37 (full 5):
 PSYoungGen      total 391168K, used 54226K [0x00000000e0000000, 0x0000000100000000, 0x0000000100000000)
  eden space 336896K, 0% used [0x00000000e0000000,0x00000000e0000000,0x00000000f4900000)
  from space 54272K, 99% used [0x00000000f4900000,0x00000000f7df4940,0x00000000f7e00000)
  to   space 95232K, 0% used [0x00000000fa300000,0x00000000fa300000,0x0000000100000000)
 ParOldGen       total 334848K, used 250270K [0x00000000a0000000, 0x00000000b4700000, 0x00000000e0000000)
  object space 334848K, 74% used [0x00000000a0000000,0x00000000af467868,0x00000000b4700000)
 Metaspace       used 85828K, capacity 89596K, committed 89816K, reserved 1126400K
  class space    used 11246K, capacity 12012K, committed 12032K, reserved 1048576K
}
Event: 133.375 GC heap before
{Heap before GC invocations=38 (full 5):
 PSYoungGen      total 391168K, used 391122K [0x00000000e0000000, 0x0000000100000000, 0x0000000100000000)
  eden space 336896K, 100% used [0x00000000e0000000,0x00000000f4900000,0x00000000f4900000)
  from space 54272K, 99% used [0x00000000f4900000,0x00000000f7df4940,0x00000000f7e00000)
  to   space 95232K, 0% used [0x00000000fa300000,0x00000000fa300000,0x0000000100000000)
 ParOldGen       total 334848K, used 250270K [0x00000000a0000000, 0x00000000b4700000, 0x00000000e0000000)
  object space 334848K, 74% used [0x00000000a0000000,0x00000000af467868,0x00000000b4700000)
 Metaspace       used 85840K, capacity 89660K, committed 89816K, reserved 1126400K
  class space    used 11246K, capacity 12012K, committed 12032K, reserved 1048576K
Event: 133.589 GC heap after
Heap after GC invocations=38 (full 5):
 PSYoungGen      total 330752K, used 95222K [0x00000000e0000000, 0x0000000100000000, 0x0000000100000000)
  eden space 235520K, 0% used [0x00000000e0000000,0x00000000e0000000,0x00000000ee600000)
  from space 95232K, 99% used [0x00000000fa300000,0x00000000ffffd978,0x0000000100000000)
  to   space 144384K, 0% used [0x00000000ee600000,0x00000000ee600000,0x00000000f7300000)
 ParOldGen       total 339968K, used 339913K [0x00000000a0000000, 0x00000000b4c00000, 0x00000000e0000000)
  object space 339968K, 99% used [0x00000000a0000000,0x00000000b4bf2728,0x00000000b4c00000)
 Metaspace       used 85840K, capacity 89660K, committed 89816K, reserved 1126400K
  class space    used 11246K, capacity 12012K, committed 12032K, reserved 1048576K
}
Event: 133.590 GC heap before
{Heap before GC invocations=39 (full 6):
 PSYoungGen      total 330752K, used 95222K [0x00000000e0000000, 0x0000000100000000, 0x0000000100000000)
  eden space 235520K, 0% used [0x00000000e0000000,0x00000000e0000000,0x00000000ee600000)
  from space 95232K, 99% used [0x00000000fa300000,0x00000000ffffd978,0x0000000100000000)
  to   space 144384K, 0% used [0x00000000ee600000,0x00000000ee600000,0x00000000f7300000)
 ParOldGen       total 339968K, used 339913K [0x00000000a0000000, 0x00000000b4c00000, 0x00000000e0000000)
  object space 339968K, 99% used [0x00000000a0000000,0x00000000b4bf2728,0x00000000b4c00000)
 Metaspace       used 85840K, capacity 89660K, committed 89816K, reserved 1126400K
  class space    used 11246K, capacity 12012K, committed 12032K, reserved 1048576K
Event: 134.330 GC heap after
Heap after GC invocations=39 (full 6):
 PSYoungGen      total 330752K, used 0K [0x00000000e0000000, 0x0000000100000000, 0x0000000100000000)
  eden space 235520K, 0% used [0x00000000e0000000,0x00000000e0000000,0x00000000ee600000)
  from space 95232K, 0% used [0x00000000fa300000,0x00000000fa300000,0x0000000100000000)
  to   space 144384K, 0% used [0x00000000ee600000,0x00000000ee600000,0x00000000f7300000)
 ParOldGen       total 420352K, used 197032K [0x00000000a0000000, 0x00000000b9a80000, 0x00000000e0000000)
  object space 420352K, 46% used [0x00000000a0000000,0x00000000ac06a2d8,0x00000000b9a80000)
 Metaspace       used 85840K, capacity 89660K, committed 89816K, reserved 1126400K
  class space    used 11246K, capacity 12012K, committed 12032K, reserved 1048576K
}
Event: 135.627 GC heap before
{Heap before GC invocations=40 (full 6):
 PSYoungGen      total 330752K, used 235520K [0x00000000e0000000, 0x0000000100000000, 0x0000000100000000)
  eden space 235520K, 100% used [0x00000000e0000000,0x00000000ee600000,0x00000000ee600000)
  from space 95232K, 0% used [0x00000000fa300000,0x00000000fa300000,0x0000000100000000)
  to   space 144384K, 0% used [0x00000000ee600000,0x00000000ee600000,0x00000000f7300000)
 ParOldGen       total 420352K, used 197032K [0x00000000a0000000, 0x00000000b9a80000, 0x00000000e0000000)
  object space 420352K, 46% used [0x00000000a0000000,0x00000000ac06a2d8,0x00000000b9a80000)
 Metaspace       used 85900K, capacity 89660K, committed 89816K, reserved 1126400K
  class space    used 11246K, capacity 12012K, committed 12032K, reserved 1048576K
Event: 135.689 GC heap after
Heap after GC invocations=40 (full 6):
 PSYoungGen      total 379904K, used 60891K [0x00000000e0000000, 0x0000000100000000, 0x0000000100000000)
  eden space 235520K, 0% used [0x00000000e0000000,0x00000000e0000000,0x00000000ee600000)
  from space 144384K, 42% used [0x00000000ee600000,0x00000000f2176c00,0x00000000f7300000)
  to   space 139264K, 0% used [0x00000000f7800000,0x00000000f7800000,0x0000000100000000)
 ParOldGen       total 420352K, used 197040K [0x00000000a0000000, 0x00000000b9a80000, 0x00000000e0000000)
  object space 420352K, 46% used [0x00000000a0000000,0x00000000ac06c2d8,0x00000000b9a80000)
 Metaspace       used 85900K, capacity 89660K, committed 89816K, reserved 1126400K
  class space    used 11246K, capacity 12012K, committed 12032K, reserved 1048576K
}

