# JRE version: OpenJDK Runtime Environment (8.0_212-b04) (build 1.8.0_212-release-1586-b04)
# Java VM: OpenJDK 64-Bit Server VM (25.212-b04 mixed mode windows-amd64 compressed oops)
Heap:
 PSYoungGen      total 405504K, used 249032K [0x00000000e0000000, 0x0000000100000000, 0x0000000100000000)
  eden space 299008K, 47% used [0x00000000e0000000,0x00000000e8b65288,0x00000000f2400000)
  from space 106496K, 99% used [0x00000000f2400000,0x00000000f8bcd130,0x00000000f8c00000)
  to   space 118784K, 0% used [0x00000000f8c00000,0x00000000f8c00000,0x0000000100000000)
 ParOldGen       total 390656K, used 179649K [0x00000000a0000000, 0x00000000b7d80000, 0x00000000e0000000)
  object space 390656K, 45% used [0x00000000a0000000,0x00000000aaf70660,0x00000000b7d80000)
 Metaspace       used 96332K, capacity 100780K, committed 100824K, reserved 1136640K
  class space    used 12522K, capacity 13490K, committed 13528K, reserved 1048576K
GC Heap History (10 events):
Event: 32.154 GC heap before
{Heap before GC invocations=17 (full 4):
 PSYoungGen      total 398336K, used 364041K [0x00000000e0000000, 0x0000000100000000, 0x0000000100000000)
  eden space 343040K, 100% used [0x00000000e0000000,0x00000000f4f00000,0x00000000f4f00000)
  from space 55296K, 37% used [0x00000000fb400000,0x00000000fc8827f8,0x00000000fea00000)
  to   space 90624K, 0% used [0x00000000f4f00000,0x00000000f4f00000,0x00000000fa780000)
 ParOldGen       total 390656K, used 172738K [0x00000000a0000000, 0x00000000b7d80000, 0x00000000e0000000)
  object space 390656K, 44% used [0x00000000a0000000,0x00000000aa8b0858,0x00000000b7d80000)
 Metaspace       used 70782K, capacity 73610K, committed 73816K, reserved 1112064K
  class space    used 9721K, capacity 10319K, committed 10328K, reserved 1048576K
Event: 32.218 GC heap after
Heap after GC invocations=17 (full 4):
 PSYoungGen      total 433664K, used 3783K [0x00000000e0000000, 0x0000000100000000, 0x0000000100000000)
  eden space 343040K, 0% used [0x00000000e0000000,0x00000000e0000000,0x00000000f4f00000)
  from space 90624K, 4% used [0x00000000f4f00000,0x00000000f52b1d80,0x00000000fa780000)
  to   space 89600K, 0% used [0x00000000fa880000,0x00000000fa880000,0x0000000100000000)
 ParOldGen       total 390656K, used 177250K [0x00000000a0000000, 0x00000000b7d80000, 0x00000000e0000000)
  object space 390656K, 45% used [0x00000000a0000000,0x00000000aad18888,0x00000000b7d80000)
 Metaspace       used 70782K, capacity 73610K, committed 73816K, reserved 1112064K
  class space    used 9721K, capacity 10319K, committed 10328K, reserved 1048576K
}
Event: 235.313 GC heap before
{Heap before GC invocations=18 (full 4):
 PSYoungGen      total 433664K, used 346823K [0x00000000e0000000, 0x0000000100000000, 0x0000000100000000)
  eden space 343040K, 100% used [0x00000000e0000000,0x00000000f4f00000,0x00000000f4f00000)
  from space 90624K, 4% used [0x00000000f4f00000,0x00000000f52b1d80,0x00000000fa780000)
  to   space 89600K, 0% used [0x00000000fa880000,0x00000000fa880000,0x0000000100000000)
 ParOldGen       total 390656K, used 177250K [0x00000000a0000000, 0x00000000b7d80000, 0x00000000e0000000)
  object space 390656K, 45% used [0x00000000a0000000,0x00000000aad18888,0x00000000b7d80000)
 Metaspace       used 84084K, capacity 87404K, committed 87512K, reserved 1124352K
  class space    used 11275K, capacity 11975K, committed 11992K, reserved 1048576K
Event: 235.359 GC heap after
Heap after GC invocations=18 (full 4):
 PSYoungGen      total 428544K, used 53868K [0x00000000e0000000, 0x0000000100000000, 0x0000000100000000)
  eden space 338944K, 0% used [0x00000000e0000000,0x00000000e0000000,0x00000000f4b00000)
  from space 89600K, 60% used [0x00000000fa880000,0x00000000fdd1b198,0x0000000100000000)
  to   space 92672K, 0% used [0x00000000f4b00000,0x00000000f4b00000,0x00000000fa580000)
 ParOldGen       total 390656K, used 179625K [0x00000000a0000000, 0x00000000b7d80000, 0x00000000e0000000)
  object space 390656K, 45% used [0x00000000a0000000,0x00000000aaf6a660,0x00000000b7d80000)
 Metaspace       used 84084K, capacity 87404K, committed 87512K, reserved 1124352K
  class space    used 11275K, capacity 11975K, committed 11992K, reserved 1048576K
}
Event: 243.336 GC heap before
{Heap before GC invocations=19 (full 4):
 PSYoungGen      total 428544K, used 392812K [0x00000000e0000000, 0x0000000100000000, 0x0000000100000000)
  eden space 338944K, 100% used [0x00000000e0000000,0x00000000f4b00000,0x00000000f4b00000)
  from space 89600K, 60% used [0x00000000fa880000,0x00000000fdd1b198,0x0000000100000000)
  to   space 92672K, 0% used [0x00000000f4b00000,0x00000000f4b00000,0x00000000fa580000)
 ParOldGen       total 390656K, used 179625K [0x00000000a0000000, 0x00000000b7d80000, 0x00000000e0000000)
  object space 390656K, 45% used [0x00000000a0000000,0x00000000aaf6a660,0x00000000b7d80000)
 Metaspace       used 92515K, capacity 96278K, committed 96600K, reserved 1132544K
  class space    used 12226K, capacity 13065K, committed 13144K, reserved 1048576K
Event: 243.420 GC heap after
Heap after GC invocations=19 (full 4):
 PSYoungGen      total 407552K, used 68584K [0x00000000e0000000, 0x0000000100000000, 0x0000000100000000)
  eden space 338944K, 0% used [0x00000000e0000000,0x00000000e0000000,0x00000000f4b00000)
  from space 68608K, 99% used [0x00000000f4b00000,0x00000000f8dfa2a0,0x00000000f8e00000)
  to   space 100352K, 0% used [0x00000000f9e00000,0x00000000f9e00000,0x0000000100000000)
 ParOldGen       total 390656K, used 179641K [0x00000000a0000000, 0x00000000b7d80000, 0x00000000e0000000)
  object space 390656K, 45% used [0x00000000a0000000,0x00000000aaf6e660,0x00000000b7d80000)
 Metaspace       used 92515K, capacity 96278K, committed 96600K, reserved 1132544K
  class space    used 12226K, capacity 13065K, committed 13144K, reserved 1048576K
}
Event: 560.424 GC heap before
{Heap before GC invocations=20 (full 4):
 PSYoungGen      total 407552K, used 407528K [0x00000000e0000000, 0x0000000100000000, 0x0000000100000000)
  eden space 338944K, 100% used [0x00000000e0000000,0x00000000f4b00000,0x00000000f4b00000)
  from space 68608K, 99% used [0x00000000f4b00000,0x00000000f8dfa2a0,0x00000000f8e00000)
  to   space 100352K, 0% used [0x00000000f9e00000,0x00000000f9e00000,0x0000000100000000)
 ParOldGen       total 390656K, used 179641K [0x00000000a0000000, 0x00000000b7d80000, 0x00000000e0000000)
  object space 390656K, 45% used [0x00000000a0000000,0x00000000aaf6e660,0x00000000b7d80000)
 Metaspace       used 94217K, capacity 98416K, committed 98520K, reserved 1134592K
  class space    used 12350K, capacity 13266K, committed 13272K, reserved 1048576K
Event: 560.506 GC heap after
Heap after GC invocations=20 (full 4):
 PSYoungGen      total 399360K, used 85195K [0x00000000e0000000, 0x0000000100000000, 0x0000000100000000)
  eden space 299008K, 0% used [0x00000000e0000000,0x00000000e0000000,0x00000000f2400000)
  from space 100352K, 84% used [0x00000000f9e00000,0x00000000ff132f80,0x0000000100000000)
  to   space 112640K, 0% used [0x00000000f2400000,0x00000000f2400000,0x00000000f9200000)
 ParOldGen       total 390656K, used 179649K [0x00000000a0000000, 0x00000000b7d80000, 0x00000000e0000000)
  object space 390656K, 45% used [0x00000000a0000000,0x00000000aaf70660,0x00000000b7d80000)
 Metaspace       used 94217K, capacity 98416K, committed 98520K, reserved 1134592K
  class space    used 12350K, capacity 13266K, committed 13272K, reserved 1048576K
}
Event: 565.685 GC heap before
{Heap before GC invocations=21 (full 4):
 PSYoungGen      total 399360K, used 384203K [0x00000000e0000000, 0x0000000100000000, 0x0000000100000000)
  eden space 299008K, 100% used [0x00000000e0000000,0x00000000f2400000,0x00000000f2400000)
  from space 100352K, 84% used [0x00000000f9e00000,0x00000000ff132f80,0x0000000100000000)
  to   space 112640K, 0% used [0x00000000f2400000,0x00000000f2400000,0x00000000f9200000)
 ParOldGen       total 390656K, used 179649K [0x00000000a0000000, 0x00000000b7d80000, 0x00000000e0000000)
  object space 390656K, 45% used [0x00000000a0000000,0x00000000aaf70660,0x00000000b7d80000)
 Metaspace       used 95630K, capacity 99894K, committed 100056K, reserved 1136640K
  class space    used 12462K, capacity 13433K, committed 13528K, reserved 1048576K
Event: 565.812 GC heap after
Heap after GC invocations=21 (full 4):
 PSYoungGen      total 405504K, used 106292K [0x00000000e0000000, 0x0000000100000000, 0x0000000100000000)
  eden space 299008K, 0% used [0x00000000e0000000,0x00000000e0000000,0x00000000f2400000)
  from space 106496K, 99% used [0x00000000f2400000,0x00000000f8bcd130,0x00000000f8c00000)
  to   space 118784K, 0% used [0x00000000f8c00000,0x00000000f8c00000,0x0000000100000000)
 ParOldGen       total 390656K, used 179649K [0x00000000a0000000, 0x00000000b7d80000, 0x00000000e0000000)
  object space 390656K, 45% used [0x00000000a0000000,0x00000000aaf70660,0x00000000b7d80000)
 Metaspace       used 95630K, capacity 99894K, committed 100056K, reserved 1136640K
  class space    used 12462K, capacity 13433K, committed 13528K, reserved 1048576K
}

