# JRE version: OpenJDK Runtime Environment (8.0_202-b03) (build 1.8.0_202-release-1483-b03)
# Java VM: OpenJDK 64-Bit Server VM (25.202-b03 mixed mode windows-amd64 compressed oops)
Heap:
 PSYoungGen      total 460800K, used 202892K [0x00000000e0000000, 0x00000000feb80000, 0x0000000100000000)
  eden space 433664K, 40% used [0x00000000e0000000,0x00000000eaba7668,0x00000000fa780000)
  from space 27136K, 99% used [0x00000000fb880000,0x00000000fd2fbc98,0x00000000fd300000)
  to   space 25088K, 0% used [0x00000000fd300000,0x00000000fd300000,0x00000000feb80000)
 ParOldGen       total 263680K, used 87343K [0x00000000a0000000, 0x00000000b0180000, 0x00000000e0000000)
  object space 263680K, 33% used [0x00000000a0000000,0x00000000a554bd30,0x00000000b0180000)
 Metaspace       used 106161K, capacity 114700K, committed 115008K, reserved 1148928K
  class space    used 13592K, capacity 14896K, committed 14952K, reserved 1048576K
GC Heap History (10 events):
Event: 427.781 GC heap before
{Heap before GC invocations=29 (full 4):
 PSYoungGen      total 493568K, used 486950K [0x00000000e0000000, 0x0000000100000000, 0x0000000100000000)
  eden space 464896K, 100% used [0x00000000e0000000,0x00000000fc600000,0x00000000fc600000)
  from space 28672K, 76% used [0x00000000fe400000,0x00000000ff989820,0x0000000100000000)
  to   space 29696K, 0% used [0x00000000fc600000,0x00000000fc600000,0x00000000fe300000)
 ParOldGen       total 263680K, used 66789K [0x00000000a0000000, 0x00000000b0180000, 0x00000000e0000000)
  object space 263680K, 25% used [0x00000000a0000000,0x00000000a41397d8,0x00000000b0180000)
 Metaspace       used 97849K, capacity 103684K, committed 103872K, reserved 1140736K
  class space    used 12514K, capacity 13481K, committed 13544K, reserved 1048576K
Event: 427.837 GC heap after
Heap after GC invocations=29 (full 4):
 PSYoungGen      total 494592K, used 16711K [0x00000000e0000000, 0x00000000fff00000, 0x0000000100000000)
  eden space 464896K, 0% used [0x00000000e0000000,0x00000000e0000000,0x00000000fc600000)
  from space 29696K, 56% used [0x00000000fc600000,0x00000000fd651d30,0x00000000fe300000)
  to   space 28672K, 0% used [0x00000000fe300000,0x00000000fe300000,0x00000000fff00000)
 ParOldGen       total 263680K, used 74162K [0x00000000a0000000, 0x00000000b0180000, 0x00000000e0000000)
  object space 263680K, 28% used [0x00000000a0000000,0x00000000a486c850,0x00000000b0180000)
 Metaspace       used 97849K, capacity 103684K, committed 103872K, reserved 1140736K
  class space    used 12514K, capacity 13481K, committed 13544K, reserved 1048576K
}
Event: 433.810 GC heap before
{Heap before GC invocations=30 (full 4):
 PSYoungGen      total 494592K, used 481607K [0x00000000e0000000, 0x00000000fff00000, 0x0000000100000000)
  eden space 464896K, 100% used [0x00000000e0000000,0x00000000fc600000,0x00000000fc600000)
  from space 29696K, 56% used [0x00000000fc600000,0x00000000fd651d30,0x00000000fe300000)
  to   space 28672K, 0% used [0x00000000fe300000,0x00000000fe300000,0x00000000fff00000)
 ParOldGen       total 263680K, used 74162K [0x00000000a0000000, 0x00000000b0180000, 0x00000000e0000000)
  object space 263680K, 28% used [0x00000000a0000000,0x00000000a486c850,0x00000000b0180000)
 Metaspace       used 98536K, capacity 104438K, committed 104768K, reserved 1140736K
  class space    used 12598K, capacity 13574K, committed 13672K, reserved 1048576K
Event: 433.829 GC heap after
Heap after GC invocations=30 (full 4):
 PSYoungGen      total 494592K, used 8260K [0x00000000e0000000, 0x00000000fff00000, 0x0000000100000000)
  eden space 465920K, 0% used [0x00000000e0000000,0x00000000e0000000,0x00000000fc700000)
  from space 28672K, 28% used [0x00000000fe300000,0x00000000feb113c0,0x00000000fff00000)
  to   space 28672K, 0% used [0x00000000fc700000,0x00000000fc700000,0x00000000fe300000)
 ParOldGen       total 263680K, used 74950K [0x00000000a0000000, 0x00000000b0180000, 0x00000000e0000000)
  object space 263680K, 28% used [0x00000000a0000000,0x00000000a4931a70,0x00000000b0180000)
 Metaspace       used 98536K, capacity 104438K, committed 104768K, reserved 1140736K
  class space    used 12598K, capacity 13574K, committed 13672K, reserved 1048576K
}
Event: 567.409 GC heap before
{Heap before GC invocations=31 (full 4):
 PSYoungGen      total 494592K, used 474180K [0x00000000e0000000, 0x00000000fff00000, 0x0000000100000000)
  eden space 465920K, 100% used [0x00000000e0000000,0x00000000fc700000,0x00000000fc700000)
  from space 28672K, 28% used [0x00000000fe300000,0x00000000feb113c0,0x00000000fff00000)
  to   space 28672K, 0% used [0x00000000fc700000,0x00000000fc700000,0x00000000fe300000)
 ParOldGen       total 263680K, used 74950K [0x00000000a0000000, 0x00000000b0180000, 0x00000000e0000000)
  object space 263680K, 28% used [0x00000000a0000000,0x00000000a4931a70,0x00000000b0180000)
 Metaspace       used 101161K, capacity 107364K, committed 107712K, reserved 1142784K
  class space    used 12918K, capacity 13933K, committed 14056K, reserved 1048576K
Event: 567.443 GC heap after
Heap after GC invocations=31 (full 4):
 PSYoungGen      total 494592K, used 12500K [0x00000000e0000000, 0x00000000ffe00000, 0x0000000100000000)
  eden space 465920K, 0% used [0x00000000e0000000,0x00000000e0000000,0x00000000fc700000)
  from space 28672K, 43% used [0x00000000fc700000,0x00000000fd335128,0x00000000fe300000)
  to   space 27648K, 0% used [0x00000000fe300000,0x00000000fe300000,0x00000000ffe00000)
 ParOldGen       total 263680K, used 75686K [0x00000000a0000000, 0x00000000b0180000, 0x00000000e0000000)
  object space 263680K, 28% used [0x00000000a0000000,0x00000000a49e9a90,0x00000000b0180000)
 Metaspace       used 101161K, capacity 107364K, committed 107712K, reserved 1142784K
  class space    used 12918K, capacity 13933K, committed 14056K, reserved 1048576K
}
Event: 10547.366 GC heap before
{Heap before GC invocations=32 (full 4):
 PSYoungGen      total 494592K, used 478420K [0x00000000e0000000, 0x00000000ffe00000, 0x0000000100000000)
  eden space 465920K, 100% used [0x00000000e0000000,0x00000000fc700000,0x00000000fc700000)
  from space 28672K, 43% used [0x00000000fc700000,0x00000000fd335128,0x00000000fe300000)
  to   space 27648K, 0% used [0x00000000fe300000,0x00000000fe300000,0x00000000ffe00000)
 ParOldGen       total 263680K, used 75686K [0x00000000a0000000, 0x00000000b0180000, 0x00000000e0000000)
  object space 263680K, 28% used [0x00000000a0000000,0x00000000a49e9a90,0x00000000b0180000)
 Metaspace       used 102802K, capacity 110100K, committed 110272K, reserved 1144832K
  class space    used 13134K, capacity 14271K, committed 14312K, reserved 1048576K
Event: 10547.397 GC heap after
Heap after GC invocations=32 (full 4):
 PSYoungGen      total 460288K, used 10268K [0x00000000e0000000, 0x00000000fed80000, 0x0000000100000000)
  eden space 449536K, 0% used [0x00000000e0000000,0x00000000e0000000,0x00000000fb700000)
  from space 10752K, 95% used [0x00000000fe300000,0x00000000fed07398,0x00000000fed80000)
  to   space 27136K, 0% used [0x00000000fb880000,0x00000000fb880000,0x00000000fd300000)
 ParOldGen       total 263680K, used 76338K [0x00000000a0000000, 0x00000000b0180000, 0x00000000e0000000)
  object space 263680K, 28% used [0x00000000a0000000,0x00000000a4a8caa0,0x00000000b0180000)
 Metaspace       used 102802K, capacity 110100K, committed 110272K, reserved 1144832K
  class space    used 13134K, capacity 14271K, committed 14312K, reserved 1048576K
}
Event: 12119.294 GC heap before
{Heap before GC invocations=33 (full 4):
 PSYoungGen      total 460288K, used 459804K [0x00000000e0000000, 0x00000000fed80000, 0x0000000100000000)
  eden space 449536K, 100% used [0x00000000e0000000,0x00000000fb700000,0x00000000fb700000)
  from space 10752K, 95% used [0x00000000fe300000,0x00000000fed07398,0x00000000fed80000)
  to   space 27136K, 0% used [0x00000000fb880000,0x00000000fb880000,0x00000000fd300000)
 ParOldGen       total 263680K, used 76338K [0x00000000a0000000, 0x00000000b0180000, 0x00000000e0000000)
  object space 263680K, 28% used [0x00000000a0000000,0x00000000a4a8caa0,0x00000000b0180000)
 Metaspace       used 105969K, capacity 114496K, committed 114752K, reserved 1148928K
  class space    used 13579K, capacity 14894K, committed 14952K, reserved 1048576K
Event: 12119.387 GC heap after
Heap after GC invocations=33 (full 4):
 PSYoungGen      total 460800K, used 27119K [0x00000000e0000000, 0x00000000feb80000, 0x0000000100000000)
  eden space 433664K, 0% used [0x00000000e0000000,0x00000000e0000000,0x00000000fa780000)
  from space 27136K, 99% used [0x00000000fb880000,0x00000000fd2fbc98,0x00000000fd300000)
  to   space 25088K, 0% used [0x00000000fd300000,0x00000000fd300000,0x00000000feb80000)
 ParOldGen       total 263680K, used 87343K [0x00000000a0000000, 0x00000000b0180000, 0x00000000e0000000)
  object space 263680K, 33% used [0x00000000a0000000,0x00000000a554bd30,0x00000000b0180000)
 Metaspace       used 105969K, capacity 114496K, committed 114752K, reserved 1148928K
  class space    used 13579K, capacity 14894K, committed 14952K, reserved 1048576K
}

