# JRE version: OpenJDK Runtime Environment (8.0_212-b04) (build 1.8.0_212-release-1586-b04)
# Java VM: OpenJDK 64-Bit Server VM (25.212-b04 mixed mode windows-amd64 compressed oops)
Heap:
 PSYoungGen      total 381952K, used 239285K [0x00000000e0000000, 0x00000000fd080000, 0x0000000100000000)
  eden space 313856K, 54% used [0x00000000e0000000,0x00000000ea733900,0x00000000f3280000)
  from space 68096K, 99% used [0x00000000f3280000,0x00000000f74f9b40,0x00000000f7500000)
  to   space 67072K, 0% used [0x00000000f7500000,0x00000000f7500000,0x00000000fb680000)
 ParOldGen       total 313344K, used 213463K [0x00000000a0000000, 0x00000000b3200000, 0x00000000e0000000)
  object space 313344K, 68% used [0x00000000a0000000,0x00000000ad075ef8,0x00000000b3200000)
 Metaspace       used 133451K, capacity 138345K, committed 138560K, reserved 1169408K
  class space    used 16894K, capacity 17978K, committed 17984K, reserved 1048576K
GC Heap History (10 events):
Event: 48.332 GC heap before
{Heap before GC invocations=19 (full 4):
 PSYoungGen      total 380928K, used 313856K [0x00000000e0000000, 0x00000000fd080000, 0x0000000100000000)
  eden space 313856K, 100% used [0x00000000e0000000,0x00000000f3280000,0x00000000f3280000)
  from space 67072K, 0% used [0x00000000f7500000,0x00000000f7500000,0x00000000fb680000)
  to   space 68096K, 0% used [0x00000000f3280000,0x00000000f3280000,0x00000000f7500000)
 ParOldGen       total 313344K, used 80092K [0x00000000a0000000, 0x00000000b3200000, 0x00000000e0000000)
  object space 313344K, 25% used [0x00000000a0000000,0x00000000a4e371f8,0x00000000b3200000)
 Metaspace       used 114747K, capacity 118633K, committed 119104K, reserved 1153024K
  class space    used 15093K, capacity 15918K, committed 15936K, reserved 1048576K
Event: 48.408 GC heap after
Heap after GC invocations=19 (full 4):
 PSYoungGen      total 381952K, used 68087K [0x00000000e0000000, 0x00000000fd080000, 0x0000000100000000)
  eden space 313856K, 0% used [0x00000000e0000000,0x00000000e0000000,0x00000000f3280000)
  from space 68096K, 99% used [0x00000000f3280000,0x00000000f74fdff0,0x00000000f7500000)
  to   space 67072K, 0% used [0x00000000f7500000,0x00000000f7500000,0x00000000fb680000)
 ParOldGen       total 313344K, used 90486K [0x00000000a0000000, 0x00000000b3200000, 0x00000000e0000000)
  object space 313344K, 28% used [0x00000000a0000000,0x00000000a585dae0,0x00000000b3200000)
 Metaspace       used 114747K, capacity 118633K, committed 119104K, reserved 1153024K
  class space    used 15093K, capacity 15918K, committed 15936K, reserved 1048576K
}
Event: 59.444 GC heap before
{Heap before GC invocations=20 (full 4):
 PSYoungGen      total 381952K, used 381943K [0x00000000e0000000, 0x00000000fd080000, 0x0000000100000000)
  eden space 313856K, 100% used [0x00000000e0000000,0x00000000f3280000,0x00000000f3280000)
  from space 68096K, 99% used [0x00000000f3280000,0x00000000f74fdff0,0x00000000f7500000)
  to   space 67072K, 0% used [0x00000000f7500000,0x00000000f7500000,0x00000000fb680000)
 ParOldGen       total 313344K, used 90486K [0x00000000a0000000, 0x00000000b3200000, 0x00000000e0000000)
  object space 313344K, 28% used [0x00000000a0000000,0x00000000a585dae0,0x00000000b3200000)
 Metaspace       used 127199K, capacity 131399K, committed 131648K, reserved 1163264K
  class space    used 16269K, capacity 17211K, committed 17216K, reserved 1048576K
Event: 59.500 GC heap after
Heap after GC invocations=20 (full 4):
 PSYoungGen      total 380928K, used 25432K [0x00000000e0000000, 0x00000000fd080000, 0x0000000100000000)
  eden space 313856K, 0% used [0x00000000e0000000,0x00000000e0000000,0x00000000f3280000)
  from space 67072K, 37% used [0x00000000f7500000,0x00000000f8dd6380,0x00000000fb680000)
  to   space 68096K, 0% used [0x00000000f3280000,0x00000000f3280000,0x00000000f7500000)
 ParOldGen       total 313344K, used 101228K [0x00000000a0000000, 0x00000000b3200000, 0x00000000e0000000)
  object space 313344K, 32% used [0x00000000a0000000,0x00000000a62db030,0x00000000b3200000)
 Metaspace       used 127199K, capacity 131399K, committed 131648K, reserved 1163264K
  class space    used 16269K, capacity 17211K, committed 17216K, reserved 1048576K
}
Event: 64.902 GC heap before
{Heap before GC invocations=21 (full 4):
 PSYoungGen      total 380928K, used 335204K [0x00000000e0000000, 0x00000000fd080000, 0x0000000100000000)
  eden space 313856K, 98% used [0x00000000e0000000,0x00000000f2e82e58,0x00000000f3280000)
  from space 67072K, 37% used [0x00000000f7500000,0x00000000f8dd6380,0x00000000fb680000)
  to   space 68096K, 0% used [0x00000000f3280000,0x00000000f3280000,0x00000000f7500000)
 ParOldGen       total 313344K, used 101228K [0x00000000a0000000, 0x00000000b3200000, 0x00000000e0000000)
  object space 313344K, 32% used [0x00000000a0000000,0x00000000a62db030,0x00000000b3200000)
 Metaspace       used 132132K, capacity 136721K, committed 136896K, reserved 1169408K
  class space    used 16751K, capacity 17786K, committed 17856K, reserved 1048576K
Event: 64.941 GC heap after
Heap after GC invocations=21 (full 4):
 PSYoungGen      total 381952K, used 20470K [0x00000000e0000000, 0x00000000fd080000, 0x0000000100000000)
  eden space 313856K, 0% used [0x00000000e0000000,0x00000000e0000000,0x00000000f3280000)
  from space 68096K, 30% used [0x00000000f3280000,0x00000000f467d950,0x00000000f7500000)
  to   space 67072K, 0% used [0x00000000f7500000,0x00000000f7500000,0x00000000fb680000)
 ParOldGen       total 313344K, used 109084K [0x00000000a0000000, 0x00000000b3200000, 0x00000000e0000000)
  object space 313344K, 34% used [0x00000000a0000000,0x00000000a6a87050,0x00000000b3200000)
 Metaspace       used 132132K, capacity 136721K, committed 136896K, reserved 1169408K
  class space    used 16751K, capacity 17786K, committed 17856K, reserved 1048576K
}
Event: 67.203 GC heap before
{Heap before GC invocations=22 (full 4):
 PSYoungGen      total 381952K, used 334326K [0x00000000e0000000, 0x00000000fd080000, 0x0000000100000000)
  eden space 313856K, 100% used [0x00000000e0000000,0x00000000f3280000,0x00000000f3280000)
  from space 68096K, 30% used [0x00000000f3280000,0x00000000f467d950,0x00000000f7500000)
  to   space 67072K, 0% used [0x00000000f7500000,0x00000000f7500000,0x00000000fb680000)
 ParOldGen       total 313344K, used 109084K [0x00000000a0000000, 0x00000000b3200000, 0x00000000e0000000)
  object space 313344K, 34% used [0x00000000a0000000,0x00000000a6a87050,0x00000000b3200000)
 Metaspace       used 133097K, capacity 137799K, committed 138048K, reserved 1169408K
  class space    used 16854K, capacity 17893K, committed 17984K, reserved 1048576K
Event: 67.298 GC heap after
Heap after GC invocations=22 (full 4):
 PSYoungGen      total 380928K, used 67066K [0x00000000e0000000, 0x00000000fd080000, 0x0000000100000000)
  eden space 313856K, 0% used [0x00000000e0000000,0x00000000e0000000,0x00000000f3280000)
  from space 67072K, 99% used [0x00000000f7500000,0x00000000fb67e920,0x00000000fb680000)
  to   space 68096K, 0% used [0x00000000f3280000,0x00000000f3280000,0x00000000f7500000)
 ParOldGen       total 313344K, used 134125K [0x00000000a0000000, 0x00000000b3200000, 0x00000000e0000000)
  object space 313344K, 42% used [0x00000000a0000000,0x00000000a82fb4c8,0x00000000b3200000)
 Metaspace       used 133097K, capacity 137799K, committed 138048K, reserved 1169408K
  class space    used 16854K, capacity 17893K, committed 17984K, reserved 1048576K
}
Event: 69.113 GC heap before
{Heap before GC invocations=23 (full 4):
 PSYoungGen      total 380928K, used 380922K [0x00000000e0000000, 0x00000000fd080000, 0x0000000100000000)
  eden space 313856K, 100% used [0x00000000e0000000,0x00000000f3280000,0x00000000f3280000)
  from space 67072K, 99% used [0x00000000f7500000,0x00000000fb67e920,0x00000000fb680000)
  to   space 68096K, 0% used [0x00000000f3280000,0x00000000f3280000,0x00000000f7500000)
 ParOldGen       total 313344K, used 134125K [0x00000000a0000000, 0x00000000b3200000, 0x00000000e0000000)
  object space 313344K, 42% used [0x00000000a0000000,0x00000000a82fb4c8,0x00000000b3200000)
 Metaspace       used 133188K, capacity 137931K, committed 138048K, reserved 1169408K
  class space    used 16854K, capacity 17893K, committed 17984K, reserved 1048576K
Event: 69.284 GC heap after
Heap after GC invocations=23 (full 4):
 PSYoungGen      total 381952K, used 68070K [0x00000000e0000000, 0x00000000fd080000, 0x0000000100000000)
  eden space 313856K, 0% used [0x00000000e0000000,0x00000000e0000000,0x00000000f3280000)
  from space 68096K, 99% used [0x00000000f3280000,0x00000000f74f9b40,0x00000000f7500000)
  to   space 67072K, 0% used [0x00000000f7500000,0x00000000f7500000,0x00000000fb680000)
 ParOldGen       total 313344K, used 213463K [0x00000000a0000000, 0x00000000b3200000, 0x00000000e0000000)
  object space 313344K, 68% used [0x00000000a0000000,0x00000000ad075ef8,0x00000000b3200000)
 Metaspace       used 133188K, capacity 137931K, committed 138048K, reserved 1169408K
  class space    used 16854K, capacity 17893K, committed 17984K, reserved 1048576K
}

