# JRE version: OpenJDK Runtime Environment (8.0_212-b04) (build 1.8.0_212-release-1586-b04)
# Java VM: OpenJDK 64-Bit Server VM (25.212-b04 mixed mode windows-amd64 compressed oops)
Heap:
 PSYoungGen      total 415744K, used 236968K [0x00000000e0000000, 0x0000000100000000, 0x0000000100000000)
  eden space 317440K, 43% used [0x00000000e0000000,0x00000000e87db340,0x00000000f3600000)
  from space 98304K, 99% used [0x00000000f3600000,0x00000000f958ee40,0x00000000f9600000)
  to   space 108544K, 0% used [0x00000000f9600000,0x00000000f9600000,0x0000000100000000)
 ParOldGen       total 274432K, used 169724K [0x00000000a0000000, 0x00000000b0c00000, 0x00000000e0000000)
  object space 274432K, 61% used [0x00000000a0000000,0x00000000aa5bf1a8,0x00000000b0c00000)
 Metaspace       used 102515K, capacity 107356K, committed 107520K, reserved 1142784K
  class space    used 13248K, capacity 14273K, committed 14336K, reserved 1048576K
GC Heap History (10 events):
Event: 74.273 GC heap before
{Heap before GC invocations=17 (full 3):
 PSYoungGen      total 458752K, used 316045K [0x00000000e0000000, 0x0000000100000000, 0x0000000100000000)
  eden space 408576K, 65% used [0x00000000e0000000,0x00000000f0418038,0x00000000f8f00000)
  from space 50176K, 99% used [0x00000000f8f00000,0x00000000fbf8b418,0x00000000fc000000)
  to   space 64512K, 0% used [0x00000000fc100000,0x00000000fc100000,0x0000000100000000)
 ParOldGen       total 158720K, used 124876K [0x00000000a0000000, 0x00000000a9b00000, 0x00000000e0000000)
  object space 158720K, 78% used [0x00000000a0000000,0x00000000a79f30b8,0x00000000a9b00000)
 Metaspace       used 94229K, capacity 98524K, committed 98560K, reserved 1134592K
  class space    used 12270K, capacity 13279K, committed 13312K, reserved 1048576K
Event: 74.303 GC heap after
Heap after GC invocations=17 (full 3):
 PSYoungGen      total 461312K, used 31119K [0x00000000e0000000, 0x0000000100000000, 0x0000000100000000)
  eden space 396800K, 0% used [0x00000000e0000000,0x00000000e0000000,0x00000000f8380000)
  from space 64512K, 48% used [0x00000000fc100000,0x00000000fdf63ec0,0x0000000100000000)
  to   space 62976K, 0% used [0x00000000f8380000,0x00000000f8380000,0x00000000fc100000)
 ParOldGen       total 158720K, used 124884K [0x00000000a0000000, 0x00000000a9b00000, 0x00000000e0000000)
  object space 158720K, 78% used [0x00000000a0000000,0x00000000a79f50b8,0x00000000a9b00000)
 Metaspace       used 94229K, capacity 98524K, committed 98560K, reserved 1134592K
  class space    used 12270K, capacity 13279K, committed 13312K, reserved 1048576K
}
Event: 74.303 GC heap before
{Heap before GC invocations=18 (full 4):
 PSYoungGen      total 461312K, used 31119K [0x00000000e0000000, 0x0000000100000000, 0x0000000100000000)
  eden space 396800K, 0% used [0x00000000e0000000,0x00000000e0000000,0x00000000f8380000)
  from space 64512K, 48% used [0x00000000fc100000,0x00000000fdf63ec0,0x0000000100000000)
  to   space 62976K, 0% used [0x00000000f8380000,0x00000000f8380000,0x00000000fc100000)
 ParOldGen       total 158720K, used 124884K [0x00000000a0000000, 0x00000000a9b00000, 0x00000000e0000000)
  object space 158720K, 78% used [0x00000000a0000000,0x00000000a79f50b8,0x00000000a9b00000)
 Metaspace       used 94229K, capacity 98524K, committed 98560K, reserved 1134592K
  class space    used 12270K, capacity 13279K, committed 13312K, reserved 1048576K
Event: 74.715 GC heap after
Heap after GC invocations=18 (full 4):
 PSYoungGen      total 461312K, used 0K [0x00000000e0000000, 0x0000000100000000, 0x0000000100000000)
  eden space 396800K, 0% used [0x00000000e0000000,0x00000000e0000000,0x00000000f8380000)
  from space 64512K, 0% used [0x00000000fc100000,0x00000000fc100000,0x0000000100000000)
  to   space 62976K, 0% used [0x00000000f8380000,0x00000000f8380000,0x00000000fc100000)
 ParOldGen       total 274432K, used 89701K [0x00000000a0000000, 0x00000000b0c00000, 0x00000000e0000000)
  object space 274432K, 32% used [0x00000000a0000000,0x00000000a5799780,0x00000000b0c00000)
 Metaspace       used 93654K, capacity 97740K, committed 98560K, reserved 1134592K
  class space    used 12193K, capacity 13155K, committed 13312K, reserved 1048576K
}
Event: 79.505 GC heap before
{Heap before GC invocations=19 (full 4):
 PSYoungGen      total 461312K, used 395658K [0x00000000e0000000, 0x0000000100000000, 0x0000000100000000)
  eden space 396800K, 99% used [0x00000000e0000000,0x00000000f8262988,0x00000000f8380000)
  from space 64512K, 0% used [0x00000000fc100000,0x00000000fc100000,0x0000000100000000)
  to   space 62976K, 0% used [0x00000000f8380000,0x00000000f8380000,0x00000000fc100000)
 ParOldGen       total 274432K, used 89701K [0x00000000a0000000, 0x00000000b0c00000, 0x00000000e0000000)
  object space 274432K, 32% used [0x00000000a0000000,0x00000000a5799780,0x00000000b0c00000)
 Metaspace       used 101263K, capacity 105892K, committed 106112K, reserved 1140736K
  class space    used 13125K, capacity 14139K, committed 14208K, reserved 1048576K
Event: 79.528 GC heap after
Heap after GC invocations=19 (full 4):
 PSYoungGen      total 459776K, used 38324K [0x00000000e0000000, 0x0000000100000000, 0x0000000100000000)
  eden space 396800K, 0% used [0x00000000e0000000,0x00000000e0000000,0x00000000f8380000)
  from space 62976K, 60% used [0x00000000f8380000,0x00000000fa8ed390,0x00000000fc100000)
  to   space 64000K, 0% used [0x00000000fc180000,0x00000000fc180000,0x0000000100000000)
 ParOldGen       total 274432K, used 89709K [0x00000000a0000000, 0x00000000b0c00000, 0x00000000e0000000)
  object space 274432K, 32% used [0x00000000a0000000,0x00000000a579b780,0x00000000b0c00000)
 Metaspace       used 101263K, capacity 105892K, committed 106112K, reserved 1140736K
  class space    used 13125K, capacity 14139K, committed 14208K, reserved 1048576K
}
Event: 81.928 GC heap before
{Heap before GC invocations=20 (full 4):
 PSYoungGen      total 459776K, used 435124K [0x00000000e0000000, 0x0000000100000000, 0x0000000100000000)
  eden space 396800K, 100% used [0x00000000e0000000,0x00000000f8380000,0x00000000f8380000)
  from space 62976K, 60% used [0x00000000f8380000,0x00000000fa8ed390,0x00000000fc100000)
  to   space 64000K, 0% used [0x00000000fc180000,0x00000000fc180000,0x0000000100000000)
 ParOldGen       total 274432K, used 89709K [0x00000000a0000000, 0x00000000b0c00000, 0x00000000e0000000)
  object space 274432K, 32% used [0x00000000a0000000,0x00000000a579b780,0x00000000b0c00000)
 Metaspace       used 101996K, capacity 106734K, committed 107008K, reserved 1142784K
  class space    used 13199K, capacity 14224K, committed 14336K, reserved 1048576K
Event: 82.156 GC heap after
Heap after GC invocations=20 (full 4):
 PSYoungGen      total 381440K, used 63985K [0x00000000e0000000, 0x0000000100000000, 0x0000000100000000)
  eden space 317440K, 0% used [0x00000000e0000000,0x00000000e0000000,0x00000000f3600000)
  from space 64000K, 99% used [0x00000000fc180000,0x00000000ffffc500,0x0000000100000000)
  to   space 103424K, 0% used [0x00000000f3600000,0x00000000f3600000,0x00000000f9b00000)
 ParOldGen       total 274432K, used 169716K [0x00000000a0000000, 0x00000000b0c00000, 0x00000000e0000000)
  object space 274432K, 61% used [0x00000000a0000000,0x00000000aa5bd1a8,0x00000000b0c00000)
 Metaspace       used 101996K, capacity 106734K, committed 107008K, reserved 1142784K
  class space    used 13199K, capacity 14224K, committed 14336K, reserved 1048576K
}
Event: 85.336 GC heap before
{Heap before GC invocations=21 (full 4):
 PSYoungGen      total 381440K, used 381425K [0x00000000e0000000, 0x0000000100000000, 0x0000000100000000)
  eden space 317440K, 100% used [0x00000000e0000000,0x00000000f3600000,0x00000000f3600000)
  from space 64000K, 99% used [0x00000000fc180000,0x00000000ffffc500,0x0000000100000000)
  to   space 103424K, 0% used [0x00000000f3600000,0x00000000f3600000,0x00000000f9b00000)
 ParOldGen       total 274432K, used 169716K [0x00000000a0000000, 0x00000000b0c00000, 0x00000000e0000000)
  object space 274432K, 61% used [0x00000000a0000000,0x00000000aa5bd1a8,0x00000000b0c00000)
 Metaspace       used 102504K, capacity 107356K, committed 107520K, reserved 1142784K
  class space    used 13248K, capacity 14273K, committed 14336K, reserved 1048576K
Event: 85.474 GC heap after
Heap after GC invocations=21 (full 4):
 PSYoungGen      total 415744K, used 97851K [0x00000000e0000000, 0x0000000100000000, 0x0000000100000000)
  eden space 317440K, 0% used [0x00000000e0000000,0x00000000e0000000,0x00000000f3600000)
  from space 98304K, 99% used [0x00000000f3600000,0x00000000f958ee40,0x00000000f9600000)
  to   space 108544K, 0% used [0x00000000f9600000,0x00000000f9600000,0x0000000100000000)
 ParOldGen       total 274432K, used 169724K [0x00000000a0000000, 0x00000000b0c00000, 0x00000000e0000000)
  object space 274432K, 61% used [0x00000000a0000000,0x00000000aa5bf1a8,0x00000000b0c00000)
 Metaspace       used 102504K, capacity 107356K, committed 107520K, reserved 1142784K
  class space    used 13248K, capacity 14273K, committed 14336K, reserved 1048576K
}

